<?xml version="1.0" encoding="UTF-8"?>
<!-- Generated by org.testng.reporters.JUnitXMLReporter -->
<testsuite hostname="Kumarmarrireddy" ignored="0" name="Test" tests="2" failures="1" timestamp="13 Jun 2018 05:40:40 GMT" time="17.377" errors="0">
  <testcase name="basePageNavigation" time="8.216" classname="Academy.LoginUserTest"/>
  <testcase name="basePageNavigation" time="2.869" classname="Academy.LoginUserTest">
    <failure type="java.lang.AssertionError" message="null">
      <![CDATA[java.lang.AssertionError: null
	at Academy.LoginUserTest.basePageNavigation(LoginUserTest.java:45)
... Removed 27 stack frames]]>
    </failure>
  </testcase> <!-- basePageNavigation -->
</testsuite> <!-- Test -->
