<?xml version="1.0" encoding="UTF-8"?>
<testng-results skipped="0" failed="0" ignored="0" total="1" passed="1">
  <reporter-output>
  </reporter-output>
  <suite name="Default suite" duration-ms="2521" started-at="2018-05-27T18:17:17Z" finished-at="2018-05-27T18:17:19Z">
    <groups>
    </groups>
    <test name="Default test" duration-ms="2521" started-at="2018-05-27T18:17:17Z" finished-at="2018-05-27T18:17:19Z">
      <class name="practice.learning.ApiTesting">
        <test-method status="PASS" signature="getdata()[pri:0, instance:practice.learning.ApiTesting@31a5c39e]" name="getdata" is-config="true" duration-ms="12" started-at="2018-05-27T23:47:17Z" finished-at="2018-05-27T23:47:17Z">
          <reporter-output>
          </reporter-output>
        </test-method> <!-- getdata -->
        <test-method status="PASS" signature="postrequest()[pri:0, instance:practice.learning.ApiTesting@31a5c39e]" name="postrequest" duration-ms="2490" started-at="2018-05-27T23:47:17Z" finished-at="2018-05-27T23:47:19Z">
          <reporter-output>
          </reporter-output>
        </test-method> <!-- postrequest -->
      </class> <!-- practice.learning.ApiTesting -->
    </test> <!-- Default test -->
  </suite> <!-- Default suite -->
</testng-results>
