<?xml version="1.0" encoding="UTF-8"?>
<testng-results skipped="0" failed="0" ignored="0" total="1" passed="1">
  <reporter-output>
  </reporter-output>
  <suite name="Default suite" duration-ms="13171" started-at="2018-06-11T05:44:21Z" finished-at="2018-06-11T05:44:34Z">
    <groups>
    </groups>
    <test name="Default test" duration-ms="13171" started-at="2018-06-11T05:44:21Z" finished-at="2018-06-11T05:44:34Z">
      <class name="Academy.LoginUserTest">
        <test-method status="PASS" signature="basePageNavigation(java.lang.String, java.lang.String)[pri:0, instance:Academy.LoginUserTest@490ab905]" name="basePageNavigation" duration-ms="13133" started-at="2018-06-11T11:14:21Z" data-provider="getData" finished-at="2018-06-11T11:14:34Z">
          <params>
            <param index="0">
              <value>
                <![CDATA[m.kumarmarri@gmail.com]]>
              </value>
            </param>
            <param index="1">
              <value>
                <![CDATA[kumar127]]>
              </value>
            </param>
          </params>
          <reporter-output>
          </reporter-output>
        </test-method> <!-- basePageNavigation -->
      </class> <!-- Academy.LoginUserTest -->
    </test> <!-- Default test -->
  </suite> <!-- Default suite -->
</testng-results>
